Microsoft (R) Build Engine version 16.11.2+f32259642 for .NET Framework
Copyright (C) Microsoft Corporation. All rights reserved.

Building the projects in this solution one at a time. To enable parallel build, please add the "-m" switch.
Build started 14.5.2022 23.44.51.
Project "D:\Github\Monitor\LoggerMonitor.sln" on node 1 (default targets).
ValidateSolutionConfiguration:
  Building solution configuration "Release|Any CPU".
Project "D:\Github\Monitor\LoggerMonitor.sln" (1) is building "D:\Github\Monitor\LoggerMonitor\LoggerMonitor.csproj" (2) on node 1 (default targets).
CoreResGen:
  No resources are out of date with respect to their source files. Skipping resource generation.
GenerateTargetFrameworkMonikerAttribute:
Skipping target "GenerateTargetFrameworkMonikerAttribute" because all output files are up-to-date with respect to the input files.
ParserGen_Generate:
Skipping target "ParserGen_Generate" because it has no outputs.
CoreCompile:
Skipping target "CoreCompile" because all output files are up-to-date with respect to the input files.
CleanPublishFolder:
  Removing directory "bin\Release\app.publish\".
_DeploymentGenerateTrustInfo:
Skipping target "_DeploymentGenerateTrustInfo" because all output files are up-to-date with respect to the input files.
_DeploymentComputeClickOnceManifestInfo:
  Creating directory "bin\Release\app.publish".
  Copying file from "D:\Github\Monitor\LoggerMonitor\obj\Release\LoggerMonitor.exe" to "D:\Github\Monitor\LoggerMonitor\bin\Release\app.publish\LoggerMonitor.exe".
GenerateApplicationManifest:
Skipping target "GenerateApplicationManifest" because all output files are up-to-date with respect to the input files.
GenerateDeploymentManifest:
Skipping target "GenerateDeploymentManifest" because all output files are up-to-date with respect to the input files.
_CopyAppConfigFile:
Skipping target "_CopyAppConfigFile" because all output files are up-to-date with respect to the input files.
_CopyManifestFiles:
  LoggerMonitor -> D:\Github\Monitor\LoggerMonitor\bin\Release\LoggerMonitor.exe.manifest
  LoggerMonitor -> D:\Github\Monitor\LoggerMonitor\bin\Release\LoggerMonitor.application
CopyFilesToOutputDirectory:
  LoggerMonitor -> D:\Github\Monitor\LoggerMonitor\bin\Release\LoggerMonitor.exe
Done Building Project "D:\Github\Monitor\LoggerMonitor\LoggerMonitor.csproj" (default targets).
Done Building Project "D:\Github\Monitor\LoggerMonitor.sln" (default targets).

Build succeeded.
    0 Warning(s)
    0 Error(s)

Time Elapsed 00:00:03.45
